{"/Users/Niklas/Development/Skola/IP2/TDP013/Project/test.js":{"path":"/Users/Niklas/Development/Skola/IP2/TDP013/Project/test.js","s":{"1":1,"2":1,"3":1,"4":1,"5":1,"6":1,"7":1,"8":1,"9":1,"10":1,"11":1,"12":1,"13":1,"14":1,"15":1,"16":1,"17":1,"18":0,"19":1,"20":1,"21":1,"22":1,"23":1,"24":1,"25":1,"26":1,"27":1,"28":1,"29":1,"30":1,"31":1,"32":1,"33":1,"34":1,"35":1,"36":1,"37":1,"38":1,"39":1,"40":1,"41":1,"42":1,"43":1,"44":1,"45":1,"46":1,"47":1,"48":1,"49":1,"50":1,"51":1,"52":1,"53":1,"54":1,"55":1,"56":1,"57":1,"58":1,"59":1,"60":1,"61":1,"62":1,"63":1,"64":1,"65":1,"66":1,"67":1,"68":1,"69":1,"70":1,"71":1,"72":1,"73":1,"74":1,"75":1,"76":1,"77":1,"78":1,"79":1,"80":1,"81":1,"82":1,"83":1,"84":1,"85":1,"86":1,"87":1,"88":1,"89":1,"90":1,"91":1,"92":1,"93":1,"94":1,"95":1,"96":1,"97":1,"98":1,"99":1,"100":1,"101":1,"102":1,"103":1,"104":1,"105":1,"106":1,"107":1,"108":1,"109":1,"110":1,"111":1,"112":1,"113":1,"114":1,"115":1,"116":1,"117":1,"118":1,"119":1,"120":1,"121":1,"122":1,"123":1,"124":1,"125":1,"126":1,"127":1,"128":1,"129":1,"130":1,"131":1,"132":1,"133":1,"134":1,"135":1,"136":1,"137":1,"138":1,"139":1,"140":1,"141":1,"142":1,"143":1,"144":1,"145":1,"146":1,"147":1,"148":1,"149":1,"150":1,"151":1,"152":1,"153":1,"154":1,"155":1,"156":1,"157":1,"158":1,"159":1,"160":1,"161":1,"162":1,"163":1,"164":1,"165":1,"166":1,"167":1,"168":1,"169":1,"170":1,"171":1,"172":1,"173":1,"174":1,"175":1},"b":{},"f":{"1":1,"2":1,"3":1,"4":1,"5":1,"6":1,"7":1,"8":1,"9":1,"10":1,"11":1,"12":1,"13":1,"14":1,"15":1,"16":1,"17":1,"18":1,"19":1,"20":1,"21":1,"22":1,"23":1,"24":1,"25":1,"26":1,"27":1,"28":1,"29":1,"30":1,"31":1,"32":1,"33":1,"34":1,"35":1,"36":1,"37":1,"38":1,"39":1,"40":1,"41":1,"42":1,"43":1,"44":1,"45":1,"46":1,"47":1,"48":1,"49":1,"50":1,"51":1,"52":1,"53":1,"54":1,"55":1,"56":1,"57":1,"58":1,"59":1,"60":1,"61":1,"62":1,"63":1,"64":1,"65":1,"66":1,"67":1,"68":1,"69":1,"70":1,"71":1,"72":1,"73":1,"74":1,"75":1,"76":1,"77":1,"78":1,"79":1,"80":1,"81":1,"82":1,"83":1,"84":1,"85":1,"86":1,"87":1,"88":1,"89":1,"90":1,"91":1},"fnMap":{"1":{"name":"(anonymous_1)","line":12,"loc":{"start":{"line":12,"column":29},"end":{"line":12,"column":43}}},"2":{"name":"(anonymous_2)","line":13,"loc":{"start":{"line":13,"column":20},"end":{"line":13,"column":38}}},"3":{"name":"(anonymous_3)","line":18,"loc":{"start":{"line":18,"column":30},"end":{"line":18,"column":40}}},"4":{"name":"(anonymous_4)","line":19,"loc":{"start":{"line":19,"column":36},"end":{"line":19,"column":50}}},"5":{"name":"(anonymous_5)","line":33,"loc":{"start":{"line":33,"column":7},"end":{"line":33,"column":29}}},"6":{"name":"(anonymous_6)","line":39,"loc":{"start":{"line":39,"column":45},"end":{"line":39,"column":59}}},"7":{"name":"(anonymous_7)","line":53,"loc":{"start":{"line":53,"column":7},"end":{"line":53,"column":29}}},"8":{"name":"(anonymous_8)","line":59,"loc":{"start":{"line":59,"column":36},"end":{"line":59,"column":50}}},"9":{"name":"(anonymous_9)","line":73,"loc":{"start":{"line":73,"column":7},"end":{"line":73,"column":29}}},"10":{"name":"(anonymous_10)","line":79,"loc":{"start":{"line":79,"column":22},"end":{"line":79,"column":36}}},"11":{"name":"(anonymous_11)","line":80,"loc":{"start":{"line":80,"column":21},"end":{"line":80,"column":38}}},"12":{"name":"(anonymous_12)","line":81,"loc":{"start":{"line":81,"column":43},"end":{"line":81,"column":65}}},"13":{"name":"(anonymous_13)","line":88,"loc":{"start":{"line":88,"column":22},"end":{"line":88,"column":36}}},"14":{"name":"(anonymous_14)","line":89,"loc":{"start":{"line":89,"column":21},"end":{"line":89,"column":38}}},"15":{"name":"(anonymous_15)","line":90,"loc":{"start":{"line":90,"column":43},"end":{"line":90,"column":65}}},"16":{"name":"(anonymous_16)","line":98,"loc":{"start":{"line":98,"column":27},"end":{"line":98,"column":37}}},"17":{"name":"(anonymous_17)","line":99,"loc":{"start":{"line":99,"column":31},"end":{"line":99,"column":46}}},"18":{"name":"(anonymous_18)","line":106,"loc":{"start":{"line":106,"column":7},"end":{"line":106,"column":29}}},"19":{"name":"(anonymous_19)","line":112,"loc":{"start":{"line":112,"column":44},"end":{"line":112,"column":59}}},"20":{"name":"(anonymous_20)","line":119,"loc":{"start":{"line":119,"column":7},"end":{"line":119,"column":29}}},"21":{"name":"(anonymous_21)","line":125,"loc":{"start":{"line":125,"column":35},"end":{"line":125,"column":50}}},"22":{"name":"(anonymous_22)","line":126,"loc":{"start":{"line":126,"column":46},"end":{"line":126,"column":69}}},"23":{"name":"(anonymous_23)","line":134,"loc":{"start":{"line":134,"column":34},"end":{"line":134,"column":45}}},"24":{"name":"(anonymous_24)","line":135,"loc":{"start":{"line":135,"column":55},"end":{"line":135,"column":70}}},"25":{"name":"(anonymous_25)","line":136,"loc":{"start":{"line":136,"column":21},"end":{"line":136,"column":38}}},"26":{"name":"(anonymous_26)","line":137,"loc":{"start":{"line":137,"column":43},"end":{"line":137,"column":65}}},"27":{"name":"(anonymous_27)","line":144,"loc":{"start":{"line":144,"column":34},"end":{"line":144,"column":49}}},"28":{"name":"(anonymous_28)","line":147,"loc":{"start":{"line":147,"column":7},"end":{"line":147,"column":29}}},"29":{"name":"(anonymous_29)","line":153,"loc":{"start":{"line":153,"column":50},"end":{"line":153,"column":65}}},"30":{"name":"(anonymous_30)","line":156,"loc":{"start":{"line":156,"column":7},"end":{"line":156,"column":29}}},"31":{"name":"(anonymous_31)","line":162,"loc":{"start":{"line":162,"column":54},"end":{"line":162,"column":69}}},"32":{"name":"(anonymous_32)","line":163,"loc":{"start":{"line":163,"column":21},"end":{"line":163,"column":38}}},"33":{"name":"(anonymous_33)","line":164,"loc":{"start":{"line":164,"column":43},"end":{"line":164,"column":65}}},"34":{"name":"(anonymous_34)","line":172,"loc":{"start":{"line":172,"column":45},"end":{"line":172,"column":56}}},"35":{"name":"(anonymous_35)","line":173,"loc":{"start":{"line":173,"column":45},"end":{"line":173,"column":60}}},"36":{"name":"(anonymous_36)","line":174,"loc":{"start":{"line":174,"column":21},"end":{"line":174,"column":38}}},"37":{"name":"(anonymous_37)","line":175,"loc":{"start":{"line":175,"column":43},"end":{"line":175,"column":65}}},"38":{"name":"(anonymous_38)","line":182,"loc":{"start":{"line":182,"column":19},"end":{"line":182,"column":34}}},"39":{"name":"(anonymous_39)","line":184,"loc":{"start":{"line":184,"column":7},"end":{"line":184,"column":29}}},"40":{"name":"(anonymous_40)","line":190,"loc":{"start":{"line":190,"column":25},"end":{"line":190,"column":40}}},"41":{"name":"(anonymous_41)","line":196,"loc":{"start":{"line":196,"column":7},"end":{"line":196,"column":29}}},"42":{"name":"(anonymous_42)","line":202,"loc":{"start":{"line":202,"column":34},"end":{"line":202,"column":49}}},"43":{"name":"(anonymous_43)","line":205,"loc":{"start":{"line":205,"column":7},"end":{"line":205,"column":30}}},"44":{"name":"(anonymous_44)","line":211,"loc":{"start":{"line":211,"column":34},"end":{"line":211,"column":49}}},"45":{"name":"(anonymous_45)","line":214,"loc":{"start":{"line":214,"column":7},"end":{"line":214,"column":30}}},"46":{"name":"(anonymous_46)","line":220,"loc":{"start":{"line":220,"column":44},"end":{"line":220,"column":59}}},"47":{"name":"(anonymous_47)","line":221,"loc":{"start":{"line":221,"column":21},"end":{"line":221,"column":38}}},"48":{"name":"(anonymous_48)","line":222,"loc":{"start":{"line":222,"column":43},"end":{"line":222,"column":65}}},"49":{"name":"(anonymous_49)","line":230,"loc":{"start":{"line":230,"column":26},"end":{"line":230,"column":37}}},"50":{"name":"(anonymous_50)","line":231,"loc":{"start":{"line":231,"column":46},"end":{"line":231,"column":61}}},"51":{"name":"(anonymous_51)","line":232,"loc":{"start":{"line":232,"column":21},"end":{"line":232,"column":38}}},"52":{"name":"(anonymous_52)","line":233,"loc":{"start":{"line":233,"column":43},"end":{"line":233,"column":65}}},"53":{"name":"(anonymous_53)","line":241,"loc":{"start":{"line":241,"column":35},"end":{"line":241,"column":50}}},"54":{"name":"(anonymous_54)","line":250,"loc":{"start":{"line":250,"column":7},"end":{"line":250,"column":29}}},"55":{"name":"(anonymous_55)","line":256,"loc":{"start":{"line":256,"column":29},"end":{"line":256,"column":44}}},"56":{"name":"(anonymous_56)","line":265,"loc":{"start":{"line":265,"column":7},"end":{"line":265,"column":29}}},"57":{"name":"(anonymous_57)","line":271,"loc":{"start":{"line":271,"column":45},"end":{"line":271,"column":60}}},"58":{"name":"(anonymous_58)","line":272,"loc":{"start":{"line":272,"column":21},"end":{"line":272,"column":38}}},"59":{"name":"(anonymous_59)","line":273,"loc":{"start":{"line":273,"column":43},"end":{"line":273,"column":65}}},"60":{"name":"(anonymous_60)","line":281,"loc":{"start":{"line":281,"column":30},"end":{"line":281,"column":41}}},"61":{"name":"(anonymous_61)","line":282,"loc":{"start":{"line":282,"column":16},"end":{"line":282,"column":31}}},"62":{"name":"(anonymous_62)","line":284,"loc":{"start":{"line":284,"column":7},"end":{"line":284,"column":30}}},"63":{"name":"(anonymous_63)","line":290,"loc":{"start":{"line":290,"column":20},"end":{"line":290,"column":35}}},"64":{"name":"(anonymous_64)","line":292,"loc":{"start":{"line":292,"column":7},"end":{"line":292,"column":30}}},"65":{"name":"(anonymous_65)","line":298,"loc":{"start":{"line":298,"column":21},"end":{"line":298,"column":36}}},"66":{"name":"(anonymous_66)","line":300,"loc":{"start":{"line":300,"column":7},"end":{"line":300,"column":30}}},"67":{"name":"(anonymous_67)","line":306,"loc":{"start":{"line":306,"column":22},"end":{"line":306,"column":37}}},"68":{"name":"(anonymous_68)","line":308,"loc":{"start":{"line":308,"column":7},"end":{"line":308,"column":30}}},"69":{"name":"(anonymous_69)","line":314,"loc":{"start":{"line":314,"column":36},"end":{"line":314,"column":51}}},"70":{"name":"(anonymous_70)","line":316,"loc":{"start":{"line":316,"column":7},"end":{"line":316,"column":30}}},"71":{"name":"(anonymous_71)","line":322,"loc":{"start":{"line":322,"column":39},"end":{"line":322,"column":54}}},"72":{"name":"(anonymous_72)","line":324,"loc":{"start":{"line":324,"column":7},"end":{"line":324,"column":30}}},"73":{"name":"(anonymous_73)","line":330,"loc":{"start":{"line":330,"column":14},"end":{"line":330,"column":29}}},"74":{"name":"(anonymous_74)","line":332,"loc":{"start":{"line":332,"column":7},"end":{"line":332,"column":30}}},"75":{"name":"(anonymous_75)","line":339,"loc":{"start":{"line":339,"column":47},"end":{"line":339,"column":58}}},"76":{"name":"(anonymous_76)","line":340,"loc":{"start":{"line":340,"column":19},"end":{"line":340,"column":34}}},"77":{"name":"(anonymous_77)","line":342,"loc":{"start":{"line":342,"column":7},"end":{"line":342,"column":29}}},"78":{"name":"(anonymous_78)","line":348,"loc":{"start":{"line":348,"column":16},"end":{"line":348,"column":31}}},"79":{"name":"(anonymous_79)","line":350,"loc":{"start":{"line":350,"column":7},"end":{"line":350,"column":30}}},"80":{"name":"(anonymous_80)","line":356,"loc":{"start":{"line":356,"column":20},"end":{"line":356,"column":35}}},"81":{"name":"(anonymous_81)","line":358,"loc":{"start":{"line":358,"column":7},"end":{"line":358,"column":30}}},"82":{"name":"(anonymous_82)","line":364,"loc":{"start":{"line":364,"column":21},"end":{"line":364,"column":36}}},"83":{"name":"(anonymous_83)","line":366,"loc":{"start":{"line":366,"column":7},"end":{"line":366,"column":30}}},"84":{"name":"(anonymous_84)","line":372,"loc":{"start":{"line":372,"column":22},"end":{"line":372,"column":37}}},"85":{"name":"(anonymous_85)","line":374,"loc":{"start":{"line":374,"column":7},"end":{"line":374,"column":30}}},"86":{"name":"(anonymous_86)","line":380,"loc":{"start":{"line":380,"column":36},"end":{"line":380,"column":51}}},"87":{"name":"(anonymous_87)","line":382,"loc":{"start":{"line":382,"column":7},"end":{"line":382,"column":30}}},"88":{"name":"(anonymous_88)","line":388,"loc":{"start":{"line":388,"column":39},"end":{"line":388,"column":54}}},"89":{"name":"(anonymous_89)","line":390,"loc":{"start":{"line":390,"column":7},"end":{"line":390,"column":30}}},"90":{"name":"(anonymous_90)","line":396,"loc":{"start":{"line":396,"column":14},"end":{"line":396,"column":29}}},"91":{"name":"(anonymous_91)","line":398,"loc":{"start":{"line":398,"column":7},"end":{"line":398,"column":30}}}},"statementMap":{"1":{"start":{"line":1,"column":0},"end":{"line":1,"column":33}},"2":{"start":{"line":2,"column":0},"end":{"line":2,"column":44}},"3":{"start":{"line":3,"column":0},"end":{"line":3,"column":27}},"4":{"start":{"line":4,"column":0},"end":{"line":4,"column":25}},"5":{"start":{"line":5,"column":0},"end":{"line":5,"column":43}},"6":{"start":{"line":11,"column":0},"end":{"line":11,"column":43}},"7":{"start":{"line":12,"column":0},"end":{"line":16,"column":3}},"8":{"start":{"line":13,"column":1},"end":{"line":15,"column":4}},"9":{"start":{"line":14,"column":2},"end":{"line":14,"column":34}},"10":{"start":{"line":18,"column":0},"end":{"line":96,"column":3}},"11":{"start":{"line":19,"column":1},"end":{"line":37,"column":4}},"12":{"start":{"line":20,"column":2},"end":{"line":36,"column":5}},"13":{"start":{"line":34,"column":3},"end":{"line":34,"column":40}},"14":{"start":{"line":35,"column":3},"end":{"line":35,"column":10}},"15":{"start":{"line":39,"column":1},"end":{"line":57,"column":4}},"16":{"start":{"line":40,"column":2},"end":{"line":56,"column":5}},"17":{"start":{"line":54,"column":3},"end":{"line":54,"column":40}},"18":{"start":{"line":55,"column":3},"end":{"line":55,"column":10}},"19":{"start":{"line":59,"column":1},"end":{"line":77,"column":4}},"20":{"start":{"line":60,"column":2},"end":{"line":76,"column":5}},"21":{"start":{"line":74,"column":3},"end":{"line":74,"column":40}},"22":{"start":{"line":75,"column":3},"end":{"line":75,"column":10}},"23":{"start":{"line":79,"column":1},"end":{"line":86,"column":4}},"24":{"start":{"line":80,"column":2},"end":{"line":85,"column":5}},"25":{"start":{"line":81,"column":3},"end":{"line":84,"column":6}},"26":{"start":{"line":82,"column":4},"end":{"line":82,"column":46}},"27":{"start":{"line":83,"column":4},"end":{"line":83,"column":11}},"28":{"start":{"line":88,"column":1},"end":{"line":95,"column":4}},"29":{"start":{"line":89,"column":2},"end":{"line":94,"column":5}},"30":{"start":{"line":90,"column":3},"end":{"line":93,"column":6}},"31":{"start":{"line":91,"column":4},"end":{"line":91,"column":46}},"32":{"start":{"line":92,"column":4},"end":{"line":92,"column":11}},"33":{"start":{"line":98,"column":0},"end":{"line":132,"column":3}},"34":{"start":{"line":99,"column":1},"end":{"line":110,"column":4}},"35":{"start":{"line":100,"column":2},"end":{"line":100,"column":10}},"36":{"start":{"line":101,"column":2},"end":{"line":109,"column":5}},"37":{"start":{"line":107,"column":3},"end":{"line":107,"column":40}},"38":{"start":{"line":108,"column":3},"end":{"line":108,"column":10}},"39":{"start":{"line":112,"column":1},"end":{"line":123,"column":4}},"40":{"start":{"line":113,"column":2},"end":{"line":113,"column":10}},"41":{"start":{"line":114,"column":2},"end":{"line":122,"column":5}},"42":{"start":{"line":120,"column":3},"end":{"line":120,"column":40}},"43":{"start":{"line":121,"column":3},"end":{"line":121,"column":10}},"44":{"start":{"line":125,"column":1},"end":{"line":131,"column":4}},"45":{"start":{"line":126,"column":2},"end":{"line":130,"column":5}},"46":{"start":{"line":127,"column":3},"end":{"line":127,"column":46}},"47":{"start":{"line":128,"column":3},"end":{"line":128,"column":46}},"48":{"start":{"line":129,"column":3},"end":{"line":129,"column":10}},"49":{"start":{"line":134,"column":0},"end":{"line":170,"column":3}},"50":{"start":{"line":135,"column":1},"end":{"line":142,"column":4}},"51":{"start":{"line":136,"column":2},"end":{"line":141,"column":5}},"52":{"start":{"line":137,"column":3},"end":{"line":140,"column":6}},"53":{"start":{"line":138,"column":4},"end":{"line":138,"column":50}},"54":{"start":{"line":139,"column":4},"end":{"line":139,"column":11}},"55":{"start":{"line":144,"column":1},"end":{"line":151,"column":4}},"56":{"start":{"line":145,"column":2},"end":{"line":150,"column":5}},"57":{"start":{"line":148,"column":3},"end":{"line":148,"column":54}},"58":{"start":{"line":149,"column":3},"end":{"line":149,"column":10}},"59":{"start":{"line":153,"column":1},"end":{"line":160,"column":4}},"60":{"start":{"line":154,"column":2},"end":{"line":159,"column":5}},"61":{"start":{"line":157,"column":3},"end":{"line":157,"column":39}},"62":{"start":{"line":158,"column":3},"end":{"line":158,"column":10}},"63":{"start":{"line":162,"column":1},"end":{"line":169,"column":4}},"64":{"start":{"line":163,"column":2},"end":{"line":168,"column":5}},"65":{"start":{"line":164,"column":3},"end":{"line":167,"column":6}},"66":{"start":{"line":165,"column":4},"end":{"line":165,"column":50}},"67":{"start":{"line":166,"column":4},"end":{"line":166,"column":11}},"68":{"start":{"line":172,"column":0},"end":{"line":228,"column":3}},"69":{"start":{"line":173,"column":1},"end":{"line":180,"column":4}},"70":{"start":{"line":174,"column":2},"end":{"line":179,"column":5}},"71":{"start":{"line":175,"column":3},"end":{"line":178,"column":6}},"72":{"start":{"line":176,"column":4},"end":{"line":176,"column":50}},"73":{"start":{"line":177,"column":4},"end":{"line":177,"column":11}},"74":{"start":{"line":182,"column":1},"end":{"line":188,"column":4}},"75":{"start":{"line":183,"column":2},"end":{"line":187,"column":5}},"76":{"start":{"line":185,"column":3},"end":{"line":185,"column":39}},"77":{"start":{"line":186,"column":3},"end":{"line":186,"column":10}},"78":{"start":{"line":190,"column":1},"end":{"line":200,"column":4}},"79":{"start":{"line":191,"column":2},"end":{"line":199,"column":5}},"80":{"start":{"line":197,"column":3},"end":{"line":197,"column":40}},"81":{"start":{"line":198,"column":3},"end":{"line":198,"column":10}},"82":{"start":{"line":202,"column":1},"end":{"line":209,"column":4}},"83":{"start":{"line":203,"column":2},"end":{"line":208,"column":5}},"84":{"start":{"line":206,"column":3},"end":{"line":206,"column":39}},"85":{"start":{"line":207,"column":3},"end":{"line":207,"column":10}},"86":{"start":{"line":211,"column":1},"end":{"line":218,"column":4}},"87":{"start":{"line":212,"column":2},"end":{"line":217,"column":5}},"88":{"start":{"line":215,"column":3},"end":{"line":215,"column":39}},"89":{"start":{"line":216,"column":3},"end":{"line":216,"column":10}},"90":{"start":{"line":220,"column":1},"end":{"line":227,"column":4}},"91":{"start":{"line":221,"column":2},"end":{"line":226,"column":5}},"92":{"start":{"line":222,"column":3},"end":{"line":225,"column":6}},"93":{"start":{"line":223,"column":4},"end":{"line":223,"column":50}},"94":{"start":{"line":224,"column":4},"end":{"line":224,"column":11}},"95":{"start":{"line":230,"column":0},"end":{"line":279,"column":3}},"96":{"start":{"line":231,"column":1},"end":{"line":238,"column":4}},"97":{"start":{"line":232,"column":2},"end":{"line":237,"column":5}},"98":{"start":{"line":233,"column":3},"end":{"line":236,"column":6}},"99":{"start":{"line":234,"column":4},"end":{"line":234,"column":51}},"100":{"start":{"line":235,"column":4},"end":{"line":235,"column":11}},"101":{"start":{"line":241,"column":1},"end":{"line":254,"column":4}},"102":{"start":{"line":242,"column":2},"end":{"line":253,"column":5}},"103":{"start":{"line":251,"column":3},"end":{"line":251,"column":41}},"104":{"start":{"line":252,"column":3},"end":{"line":252,"column":10}},"105":{"start":{"line":256,"column":1},"end":{"line":269,"column":4}},"106":{"start":{"line":257,"column":2},"end":{"line":268,"column":5}},"107":{"start":{"line":266,"column":3},"end":{"line":266,"column":45}},"108":{"start":{"line":267,"column":3},"end":{"line":267,"column":10}},"109":{"start":{"line":271,"column":1},"end":{"line":278,"column":4}},"110":{"start":{"line":272,"column":2},"end":{"line":277,"column":5}},"111":{"start":{"line":273,"column":3},"end":{"line":276,"column":6}},"112":{"start":{"line":274,"column":4},"end":{"line":274,"column":51}},"113":{"start":{"line":275,"column":4},"end":{"line":275,"column":11}},"114":{"start":{"line":281,"column":0},"end":{"line":337,"column":3}},"115":{"start":{"line":282,"column":1},"end":{"line":288,"column":4}},"116":{"start":{"line":283,"column":2},"end":{"line":287,"column":5}},"117":{"start":{"line":285,"column":3},"end":{"line":285,"column":39}},"118":{"start":{"line":286,"column":3},"end":{"line":286,"column":10}},"119":{"start":{"line":290,"column":1},"end":{"line":296,"column":4}},"120":{"start":{"line":291,"column":2},"end":{"line":295,"column":5}},"121":{"start":{"line":293,"column":3},"end":{"line":293,"column":39}},"122":{"start":{"line":294,"column":3},"end":{"line":294,"column":10}},"123":{"start":{"line":298,"column":1},"end":{"line":304,"column":4}},"124":{"start":{"line":299,"column":2},"end":{"line":303,"column":5}},"125":{"start":{"line":301,"column":3},"end":{"line":301,"column":39}},"126":{"start":{"line":302,"column":3},"end":{"line":302,"column":10}},"127":{"start":{"line":306,"column":1},"end":{"line":312,"column":4}},"128":{"start":{"line":307,"column":2},"end":{"line":311,"column":5}},"129":{"start":{"line":309,"column":3},"end":{"line":309,"column":39}},"130":{"start":{"line":310,"column":3},"end":{"line":310,"column":10}},"131":{"start":{"line":314,"column":1},"end":{"line":320,"column":4}},"132":{"start":{"line":315,"column":2},"end":{"line":319,"column":5}},"133":{"start":{"line":317,"column":3},"end":{"line":317,"column":39}},"134":{"start":{"line":318,"column":3},"end":{"line":318,"column":10}},"135":{"start":{"line":322,"column":1},"end":{"line":328,"column":4}},"136":{"start":{"line":323,"column":2},"end":{"line":327,"column":5}},"137":{"start":{"line":325,"column":3},"end":{"line":325,"column":39}},"138":{"start":{"line":326,"column":3},"end":{"line":326,"column":10}},"139":{"start":{"line":330,"column":1},"end":{"line":336,"column":4}},"140":{"start":{"line":331,"column":2},"end":{"line":335,"column":5}},"141":{"start":{"line":333,"column":3},"end":{"line":333,"column":39}},"142":{"start":{"line":334,"column":3},"end":{"line":334,"column":10}},"143":{"start":{"line":339,"column":0},"end":{"line":403,"column":3}},"144":{"start":{"line":340,"column":1},"end":{"line":346,"column":4}},"145":{"start":{"line":341,"column":2},"end":{"line":345,"column":5}},"146":{"start":{"line":343,"column":3},"end":{"line":343,"column":39}},"147":{"start":{"line":344,"column":3},"end":{"line":344,"column":10}},"148":{"start":{"line":348,"column":1},"end":{"line":354,"column":4}},"149":{"start":{"line":349,"column":2},"end":{"line":353,"column":5}},"150":{"start":{"line":351,"column":3},"end":{"line":351,"column":39}},"151":{"start":{"line":352,"column":3},"end":{"line":352,"column":10}},"152":{"start":{"line":356,"column":1},"end":{"line":362,"column":4}},"153":{"start":{"line":357,"column":2},"end":{"line":361,"column":5}},"154":{"start":{"line":359,"column":3},"end":{"line":359,"column":39}},"155":{"start":{"line":360,"column":3},"end":{"line":360,"column":10}},"156":{"start":{"line":364,"column":1},"end":{"line":370,"column":4}},"157":{"start":{"line":365,"column":2},"end":{"line":369,"column":5}},"158":{"start":{"line":367,"column":3},"end":{"line":367,"column":41}},"159":{"start":{"line":368,"column":3},"end":{"line":368,"column":10}},"160":{"start":{"line":372,"column":1},"end":{"line":378,"column":4}},"161":{"start":{"line":373,"column":2},"end":{"line":377,"column":5}},"162":{"start":{"line":375,"column":3},"end":{"line":375,"column":39}},"163":{"start":{"line":376,"column":3},"end":{"line":376,"column":10}},"164":{"start":{"line":380,"column":1},"end":{"line":386,"column":4}},"165":{"start":{"line":381,"column":2},"end":{"line":385,"column":5}},"166":{"start":{"line":383,"column":3},"end":{"line":383,"column":39}},"167":{"start":{"line":384,"column":3},"end":{"line":384,"column":10}},"168":{"start":{"line":388,"column":1},"end":{"line":394,"column":4}},"169":{"start":{"line":389,"column":2},"end":{"line":393,"column":5}},"170":{"start":{"line":391,"column":3},"end":{"line":391,"column":39}},"171":{"start":{"line":392,"column":3},"end":{"line":392,"column":10}},"172":{"start":{"line":396,"column":1},"end":{"line":402,"column":4}},"173":{"start":{"line":397,"column":2},"end":{"line":401,"column":5}},"174":{"start":{"line":399,"column":3},"end":{"line":399,"column":39}},"175":{"start":{"line":400,"column":3},"end":{"line":400,"column":10}}},"branchMap":{}},"/Users/Niklas/Development/Skola/IP2/TDP013/Project/app.js":{"path":"/Users/Niklas/Development/Skola/IP2/TDP013/Project/app.js","s":{"1":1,"2":1,"3":1,"4":1,"5":1,"6":1,"7":1,"8":1,"9":1,"10":1,"11":1,"12":1,"13":1,"14":0,"15":0,"16":0,"17":0,"18":0,"19":1,"20":0,"21":0,"22":1,"23":0,"24":0,"25":0,"26":0,"27":1,"28":0,"29":0,"30":0,"31":0,"32":0,"33":1,"34":0,"35":0,"36":0,"37":0,"38":0,"39":1,"40":0,"41":0,"42":0,"43":0,"44":0,"45":1,"46":0,"47":0,"48":0,"49":0,"50":0,"51":1,"52":0,"53":0,"54":1,"55":0,"56":0,"57":0,"58":0,"59":1,"60":0,"61":0,"62":1,"63":0,"64":0,"65":0,"66":0,"67":1,"68":0,"69":0,"70":0,"71":0,"72":0,"73":1,"74":0,"75":0,"76":0,"77":1},"b":{"1":[0,0],"2":[0,0],"3":[0,0],"4":[0,0],"5":[0,0],"6":[0,0],"7":[0,0],"8":[0,0],"9":[0,0]},"f":{"1":0,"2":0,"3":0,"4":0,"5":0,"6":0,"7":0,"8":0,"9":0,"10":0,"11":0,"12":0,"13":0,"14":0,"15":0,"16":0,"17":0,"18":0,"19":0,"20":0,"21":0,"22":0,"23":0},"fnMap":{"1":{"name":"(anonymous_1)","line":19,"loc":{"start":{"line":19,"column":19},"end":{"line":19,"column":39}}},"2":{"name":"(anonymous_2)","line":21,"loc":{"start":{"line":21,"column":48},"end":{"line":21,"column":65}}},"3":{"name":"(anonymous_3)","line":33,"loc":{"start":{"line":33,"column":19},"end":{"line":33,"column":39}}},"4":{"name":"(anonymous_4)","line":38,"loc":{"start":{"line":38,"column":13},"end":{"line":38,"column":32}}},"5":{"name":"(anonymous_5)","line":48,"loc":{"start":{"line":48,"column":15},"end":{"line":48,"column":34}}},"6":{"name":"(anonymous_6)","line":51,"loc":{"start":{"line":51,"column":26},"end":{"line":51,"column":41}}},"7":{"name":"(anonymous_7)","line":60,"loc":{"start":{"line":60,"column":23},"end":{"line":60,"column":42}}},"8":{"name":"(anonymous_8)","line":63,"loc":{"start":{"line":63,"column":44},"end":{"line":63,"column":69}}},"9":{"name":"(anonymous_9)","line":73,"loc":{"start":{"line":73,"column":20},"end":{"line":73,"column":39}}},"10":{"name":"(anonymous_10)","line":76,"loc":{"start":{"line":76,"column":28},"end":{"line":76,"column":44}}},"11":{"name":"(anonymous_11)","line":86,"loc":{"start":{"line":86,"column":19},"end":{"line":86,"column":38}}},"12":{"name":"(anonymous_12)","line":88,"loc":{"start":{"line":88,"column":22},"end":{"line":88,"column":38}}},"13":{"name":"(anonymous_13)","line":98,"loc":{"start":{"line":98,"column":19},"end":{"line":98,"column":38}}},"14":{"name":"(anonymous_14)","line":99,"loc":{"start":{"line":99,"column":16},"end":{"line":99,"column":32}}},"15":{"name":"(anonymous_15)","line":104,"loc":{"start":{"line":104,"column":21},"end":{"line":104,"column":40}}},"16":{"name":"(anonymous_16)","line":105,"loc":{"start":{"line":105,"column":38},"end":{"line":105,"column":50}}},"17":{"name":"(anonymous_17)","line":115,"loc":{"start":{"line":115,"column":25},"end":{"line":115,"column":44}}},"18":{"name":"(anonymous_18)","line":116,"loc":{"start":{"line":116,"column":69},"end":{"line":116,"column":86}}},"19":{"name":"(anonymous_19)","line":121,"loc":{"start":{"line":121,"column":27},"end":{"line":121,"column":46}}},"20":{"name":"(anonymous_20)","line":122,"loc":{"start":{"line":122,"column":65},"end":{"line":122,"column":82}}},"21":{"name":"(anonymous_21)","line":132,"loc":{"start":{"line":132,"column":22},"end":{"line":132,"column":41}}},"22":{"name":"(anonymous_22)","line":133,"loc":{"start":{"line":133,"column":32},"end":{"line":133,"column":49}}},"23":{"name":"start","line":150,"loc":{"start":{"line":150,"column":0},"end":{"line":150,"column":17}}}},"statementMap":{"1":{"start":{"line":1,"column":0},"end":{"line":1,"column":44}},"2":{"start":{"line":2,"column":0},"end":{"line":2,"column":38}},"3":{"start":{"line":3,"column":0},"end":{"line":3,"column":37}},"4":{"start":{"line":4,"column":0},"end":{"line":4,"column":42}},"5":{"start":{"line":5,"column":0},"end":{"line":5,"column":43}},"6":{"start":{"line":6,"column":0},"end":{"line":6,"column":29}},"7":{"start":{"line":8,"column":0},"end":{"line":8,"column":23}},"8":{"start":{"line":10,"column":0},"end":{"line":10,"column":24}},"9":{"start":{"line":11,"column":0},"end":{"line":11,"column":42}},"10":{"start":{"line":12,"column":0},"end":{"line":14,"column":4}},"11":{"start":{"line":15,"column":0},"end":{"line":15,"column":27}},"12":{"start":{"line":17,"column":0},"end":{"line":17,"column":43}},"13":{"start":{"line":19,"column":0},"end":{"line":31,"column":3}},"14":{"start":{"line":21,"column":1},"end":{"line":30,"column":3}},"15":{"start":{"line":22,"column":2},"end":{"line":28,"column":3}},"16":{"start":{"line":23,"column":3},"end":{"line":23,"column":29}},"17":{"start":{"line":24,"column":3},"end":{"line":24,"column":20}},"18":{"start":{"line":27,"column":3},"end":{"line":27,"column":23}},"19":{"start":{"line":33,"column":0},"end":{"line":36,"column":3}},"20":{"start":{"line":34,"column":1},"end":{"line":34,"column":24}},"21":{"start":{"line":35,"column":1},"end":{"line":35,"column":19}},"22":{"start":{"line":38,"column":0},"end":{"line":46,"column":3}},"23":{"start":{"line":39,"column":1},"end":{"line":39,"column":30}},"24":{"start":{"line":40,"column":1},"end":{"line":45,"column":2}},"25":{"start":{"line":41,"column":2},"end":{"line":41,"column":48}},"26":{"start":{"line":44,"column":2},"end":{"line":44,"column":48}},"27":{"start":{"line":48,"column":0},"end":{"line":58,"column":3}},"28":{"start":{"line":49,"column":1},"end":{"line":49,"column":30}},"29":{"start":{"line":50,"column":1},"end":{"line":57,"column":2}},"30":{"start":{"line":51,"column":2},"end":{"line":53,"column":5}},"31":{"start":{"line":52,"column":3},"end":{"line":52,"column":18}},"32":{"start":{"line":56,"column":2},"end":{"line":56,"column":22}},"33":{"start":{"line":60,"column":0},"end":{"line":71,"column":3}},"34":{"start":{"line":61,"column":1},"end":{"line":61,"column":30}},"35":{"start":{"line":63,"column":1},"end":{"line":70,"column":4}},"36":{"start":{"line":64,"column":2},"end":{"line":69,"column":3}},"37":{"start":{"line":65,"column":3},"end":{"line":65,"column":31}},"38":{"start":{"line":68,"column":3},"end":{"line":68,"column":23}},"39":{"start":{"line":73,"column":0},"end":{"line":84,"column":3}},"40":{"start":{"line":74,"column":1},"end":{"line":74,"column":30}},"41":{"start":{"line":76,"column":1},"end":{"line":83,"column":4}},"42":{"start":{"line":77,"column":2},"end":{"line":82,"column":3}},"43":{"start":{"line":78,"column":3},"end":{"line":78,"column":20}},"44":{"start":{"line":81,"column":3},"end":{"line":81,"column":19}},"45":{"start":{"line":86,"column":0},"end":{"line":96,"column":3}},"46":{"start":{"line":87,"column":1},"end":{"line":87,"column":27}},"47":{"start":{"line":88,"column":1},"end":{"line":95,"column":4}},"48":{"start":{"line":89,"column":2},"end":{"line":94,"column":3}},"49":{"start":{"line":90,"column":3},"end":{"line":90,"column":19}},"50":{"start":{"line":93,"column":3},"end":{"line":93,"column":23}},"51":{"start":{"line":98,"column":0},"end":{"line":102,"column":3}},"52":{"start":{"line":99,"column":1},"end":{"line":101,"column":4}},"53":{"start":{"line":100,"column":2},"end":{"line":100,"column":18}},"54":{"start":{"line":104,"column":0},"end":{"line":113,"column":3}},"55":{"start":{"line":105,"column":1},"end":{"line":112,"column":4}},"56":{"start":{"line":106,"column":2},"end":{"line":111,"column":3}},"57":{"start":{"line":107,"column":3},"end":{"line":107,"column":15}},"58":{"start":{"line":110,"column":3},"end":{"line":110,"column":23}},"59":{"start":{"line":115,"column":0},"end":{"line":119,"column":3}},"60":{"start":{"line":116,"column":1},"end":{"line":118,"column":3}},"61":{"start":{"line":117,"column":2},"end":{"line":117,"column":19}},"62":{"start":{"line":121,"column":0},"end":{"line":130,"column":3}},"63":{"start":{"line":122,"column":1},"end":{"line":129,"column":4}},"64":{"start":{"line":123,"column":2},"end":{"line":128,"column":3}},"65":{"start":{"line":124,"column":3},"end":{"line":124,"column":20}},"66":{"start":{"line":127,"column":3},"end":{"line":127,"column":23}},"67":{"start":{"line":132,"column":0},"end":{"line":142,"column":3}},"68":{"start":{"line":133,"column":1},"end":{"line":141,"column":3}},"69":{"start":{"line":134,"column":2},"end":{"line":134,"column":22}},"70":{"start":{"line":135,"column":2},"end":{"line":140,"column":3}},"71":{"start":{"line":136,"column":3},"end":{"line":136,"column":32}},"72":{"start":{"line":139,"column":3},"end":{"line":139,"column":32}},"73":{"start":{"line":150,"column":0},"end":{"line":155,"column":1}},"74":{"start":{"line":151,"column":1},"end":{"line":151,"column":37}},"75":{"start":{"line":152,"column":1},"end":{"line":152,"column":34}},"76":{"start":{"line":154,"column":1},"end":{"line":154,"column":87}},"77":{"start":{"line":157,"column":0},"end":{"line":157,"column":37}}},"branchMap":{"1":{"line":22,"type":"if","locations":[{"start":{"line":22,"column":2},"end":{"line":22,"column":2}},{"start":{"line":22,"column":2},"end":{"line":22,"column":2}}]},"2":{"line":40,"type":"if","locations":[{"start":{"line":40,"column":1},"end":{"line":40,"column":1}},{"start":{"line":40,"column":1},"end":{"line":40,"column":1}}]},"3":{"line":50,"type":"if","locations":[{"start":{"line":50,"column":1},"end":{"line":50,"column":1}},{"start":{"line":50,"column":1},"end":{"line":50,"column":1}}]},"4":{"line":64,"type":"if","locations":[{"start":{"line":64,"column":2},"end":{"line":64,"column":2}},{"start":{"line":64,"column":2},"end":{"line":64,"column":2}}]},"5":{"line":77,"type":"if","locations":[{"start":{"line":77,"column":2},"end":{"line":77,"column":2}},{"start":{"line":77,"column":2},"end":{"line":77,"column":2}}]},"6":{"line":89,"type":"if","locations":[{"start":{"line":89,"column":2},"end":{"line":89,"column":2}},{"start":{"line":89,"column":2},"end":{"line":89,"column":2}}]},"7":{"line":106,"type":"if","locations":[{"start":{"line":106,"column":2},"end":{"line":106,"column":2}},{"start":{"line":106,"column":2},"end":{"line":106,"column":2}}]},"8":{"line":123,"type":"if","locations":[{"start":{"line":123,"column":2},"end":{"line":123,"column":2}},{"start":{"line":123,"column":2},"end":{"line":123,"column":2}}]},"9":{"line":135,"type":"if","locations":[{"start":{"line":135,"column":2},"end":{"line":135,"column":2}},{"start":{"line":135,"column":2},"end":{"line":135,"column":2}}]}}},"/Users/Niklas/Development/Skola/IP2/TDP013/Project/dbCalls.js":{"path":"/Users/Niklas/Development/Skola/IP2/TDP013/Project/dbCalls.js","s":{"1":1,"2":1,"3":1,"4":0,"5":0,"6":0,"7":0,"8":0,"9":0,"10":0,"11":0,"12":0,"13":0,"14":0,"15":0,"16":0,"17":0,"18":0,"19":0,"20":0,"21":0,"22":0,"23":0,"24":0,"25":0,"26":0,"27":0,"28":0,"29":0,"30":0,"31":0,"32":0,"33":0,"34":0,"35":0,"36":0,"37":0,"38":0,"39":0,"40":0,"41":0,"42":0,"43":0,"44":0,"45":0,"46":0,"47":0,"48":0,"49":0,"50":0,"51":0,"52":0,"53":0,"54":0,"55":0,"56":0,"57":0,"58":0,"59":0,"60":0,"61":0,"62":0,"63":0,"64":0,"65":0,"66":0,"67":0,"68":0,"69":0,"70":0,"71":0,"72":0,"73":0,"74":0,"75":0,"76":0,"77":0,"78":0,"79":0,"80":0,"81":1,"82":0,"83":0,"84":0,"85":0,"86":1,"87":0,"88":0,"89":0,"90":0,"91":0,"92":0,"93":0},"b":{"1":[0,0],"2":[0,0],"3":[0,0],"4":[0,0],"5":[0,0],"6":[0,0],"7":[0,0],"8":[0,0],"9":[0,0],"10":[0,0],"11":[0,0],"12":[0,0],"13":[0,0],"14":[0,0],"15":[0,0]},"f":{"1":0,"2":0,"3":0,"4":0,"5":0,"6":0,"7":0,"8":0,"9":0,"10":0,"11":0,"12":0,"13":0,"14":0,"15":0,"16":0,"17":0,"18":0,"19":0,"20":0,"21":0,"22":0,"23":0,"24":0,"25":0,"26":0,"27":0,"28":0,"29":0,"30":0,"31":0,"32":0,"33":0,"34":0,"35":0,"36":0,"37":0,"38":0,"39":0,"40":0,"41":0,"42":0,"43":0,"44":0,"45":0,"46":0,"47":0,"48":0,"49":0,"50":0},"fnMap":{"1":{"name":"(anonymous_1)","line":6,"loc":{"start":{"line":6,"column":12},"end":{"line":6,"column":56}}},"2":{"name":"(anonymous_2)","line":7,"loc":{"start":{"line":7,"column":21},"end":{"line":7,"column":38}}},"3":{"name":"(anonymous_3)","line":8,"loc":{"start":{"line":8,"column":41},"end":{"line":8,"column":57}}},"4":{"name":"(anonymous_4)","line":10,"loc":{"start":{"line":10,"column":101},"end":{"line":10,"column":124}}},"5":{"name":"(anonymous_5)","line":11,"loc":{"start":{"line":11,"column":26},"end":{"line":11,"column":41}}},"6":{"name":"(anonymous_6)","line":12,"loc":{"start":{"line":12,"column":99},"end":{"line":12,"column":121}}},"7":{"name":"(anonymous_7)","line":30,"loc":{"start":{"line":30,"column":14},"end":{"line":30,"column":47}}},"8":{"name":"(anonymous_8)","line":32,"loc":{"start":{"line":32,"column":22},"end":{"line":32,"column":39}}},"9":{"name":"(anonymous_9)","line":33,"loc":{"start":{"line":33,"column":64},"end":{"line":33,"column":84}}},"10":{"name":"(anonymous_10)","line":42,"loc":{"start":{"line":42,"column":13},"end":{"line":42,"column":46}}},"11":{"name":"(anonymous_11)","line":44,"loc":{"start":{"line":44,"column":21},"end":{"line":44,"column":38}}},"12":{"name":"(anonymous_12)","line":45,"loc":{"start":{"line":45,"column":41},"end":{"line":45,"column":62}}},"13":{"name":"(anonymous_13)","line":47,"loc":{"start":{"line":47,"column":18},"end":{"line":47,"column":32}}},"14":{"name":"(anonymous_14)","line":58,"loc":{"start":{"line":58,"column":15},"end":{"line":58,"column":48}}},"15":{"name":"(anonymous_15)","line":60,"loc":{"start":{"line":60,"column":21},"end":{"line":60,"column":38}}},"16":{"name":"(anonymous_16)","line":61,"loc":{"start":{"line":61,"column":41},"end":{"line":61,"column":62}}},"17":{"name":"(anonymous_17)","line":62,"loc":{"start":{"line":62,"column":18},"end":{"line":62,"column":32}}},"18":{"name":"(anonymous_18)","line":75,"loc":{"start":{"line":75,"column":9},"end":{"line":75,"column":40}}},"19":{"name":"(anonymous_19)","line":76,"loc":{"start":{"line":76,"column":21},"end":{"line":76,"column":38}}},"20":{"name":"(anonymous_20)","line":77,"loc":{"start":{"line":77,"column":51},"end":{"line":77,"column":71}}},"21":{"name":"(anonymous_21)","line":88,"loc":{"start":{"line":88,"column":9},"end":{"line":88,"column":34}}},"22":{"name":"(anonymous_22)","line":90,"loc":{"start":{"line":90,"column":21},"end":{"line":90,"column":38}}},"23":{"name":"(anonymous_23)","line":91,"loc":{"start":{"line":91,"column":41},"end":{"line":91,"column":61}}},"24":{"name":"(anonymous_24)","line":92,"loc":{"start":{"line":92,"column":17},"end":{"line":92,"column":31}}},"25":{"name":"(anonymous_25)","line":99,"loc":{"start":{"line":99,"column":10},"end":{"line":99,"column":43}}},"26":{"name":"(anonymous_26)","line":100,"loc":{"start":{"line":100,"column":25},"end":{"line":100,"column":40}}},"27":{"name":"(anonymous_27)","line":101,"loc":{"start":{"line":101,"column":36},"end":{"line":101,"column":51}}},"28":{"name":"(anonymous_28)","line":106,"loc":{"start":{"line":106,"column":22},"end":{"line":106,"column":65}}},"29":{"name":"(anonymous_29)","line":107,"loc":{"start":{"line":107,"column":24},"end":{"line":107,"column":42}}},"30":{"name":"(anonymous_30)","line":108,"loc":{"start":{"line":108,"column":65},"end":{"line":108,"column":85}}},"31":{"name":"(anonymous_31)","line":111,"loc":{"start":{"line":111,"column":104},"end":{"line":111,"column":126}}},"32":{"name":"(anonymous_32)","line":112,"loc":{"start":{"line":112,"column":100},"end":{"line":112,"column":123}}},"33":{"name":"(anonymous_33)","line":124,"loc":{"start":{"line":124,"column":14},"end":{"line":124,"column":65}}},"34":{"name":"(anonymous_34)","line":125,"loc":{"start":{"line":125,"column":22},"end":{"line":125,"column":37}}},"35":{"name":"(anonymous_35)","line":126,"loc":{"start":{"line":126,"column":48},"end":{"line":126,"column":63}}},"36":{"name":"(anonymous_36)","line":129,"loc":{"start":{"line":129,"column":24},"end":{"line":129,"column":42}}},"37":{"name":"(anonymous_37)","line":130,"loc":{"start":{"line":130,"column":93},"end":{"line":130,"column":115}}},"38":{"name":"(anonymous_38)","line":141,"loc":{"start":{"line":141,"column":8},"end":{"line":141,"column":51}}},"39":{"name":"(anonymous_39)","line":142,"loc":{"start":{"line":142,"column":21},"end":{"line":142,"column":38}}},"40":{"name":"(anonymous_40)","line":143,"loc":{"start":{"line":143,"column":41},"end":{"line":143,"column":62}}},"41":{"name":"(anonymous_41)","line":145,"loc":{"start":{"line":145,"column":18},"end":{"line":145,"column":32}}},"42":{"name":"(anonymous_42)","line":155,"loc":{"start":{"line":155,"column":12},"end":{"line":155,"column":51}}},"43":{"name":"(anonymous_43)","line":156,"loc":{"start":{"line":156,"column":32},"end":{"line":156,"column":44}}},"44":{"name":"(anonymous_44)","line":157,"loc":{"start":{"line":157,"column":33},"end":{"line":157,"column":45}}},"45":{"name":"whoAmI","line":165,"loc":{"start":{"line":165,"column":0},"end":{"line":165,"column":35}}},"46":{"name":"(anonymous_46)","line":166,"loc":{"start":{"line":166,"column":20},"end":{"line":166,"column":37}}},"47":{"name":"(anonymous_47)","line":167,"loc":{"start":{"line":167,"column":57},"end":{"line":167,"column":79}}},"48":{"name":"isMyFriend","line":174,"loc":{"start":{"line":174,"column":0},"end":{"line":174,"column":49}}},"49":{"name":"(anonymous_49)","line":175,"loc":{"start":{"line":175,"column":20},"end":{"line":175,"column":38}}},"50":{"name":"(anonymous_50)","line":176,"loc":{"start":{"line":176,"column":50},"end":{"line":176,"column":72}}}},"statementMap":{"1":{"start":{"line":1,"column":0},"end":{"line":1,"column":46}},"2":{"start":{"line":2,"column":0},"end":{"line":2,"column":43}},"3":{"start":{"line":5,"column":0},"end":{"line":162,"column":2}},"4":{"start":{"line":7,"column":2},"end":{"line":28,"column":5}},"5":{"start":{"line":8,"column":3},"end":{"line":27,"column":6}},"6":{"start":{"line":9,"column":4},"end":{"line":26,"column":5}},"7":{"start":{"line":10,"column":5},"end":{"line":22,"column":8}},"8":{"start":{"line":11,"column":6},"end":{"line":21,"column":9}},"9":{"start":{"line":12,"column":7},"end":{"line":20,"column":10}},"10":{"start":{"line":13,"column":8},"end":{"line":19,"column":9}},"11":{"start":{"line":14,"column":9},"end":{"line":14,"column":22}},"12":{"start":{"line":17,"column":9},"end":{"line":17,"column":28}},"13":{"start":{"line":18,"column":9},"end":{"line":18,"column":35}},"14":{"start":{"line":25,"column":5},"end":{"line":25,"column":28}},"15":{"start":{"line":31,"column":2},"end":{"line":40,"column":3}},"16":{"start":{"line":32,"column":3},"end":{"line":36,"column":6}},"17":{"start":{"line":33,"column":4},"end":{"line":35,"column":7}},"18":{"start":{"line":34,"column":5},"end":{"line":34,"column":29}},"19":{"start":{"line":39,"column":3},"end":{"line":39,"column":19}},"20":{"start":{"line":43,"column":2},"end":{"line":43,"column":13}},"21":{"start":{"line":44,"column":2},"end":{"line":56,"column":5}},"22":{"start":{"line":45,"column":3},"end":{"line":55,"column":6}},"23":{"start":{"line":46,"column":4},"end":{"line":46,"column":22}},"24":{"start":{"line":47,"column":4},"end":{"line":53,"column":7}},"25":{"start":{"line":48,"column":5},"end":{"line":52,"column":6}},"26":{"start":{"line":49,"column":6},"end":{"line":49,"column":19}},"27":{"start":{"line":50,"column":6},"end":{"line":50,"column":30}},"28":{"start":{"line":51,"column":6},"end":{"line":51,"column":17}},"29":{"start":{"line":54,"column":4},"end":{"line":54,"column":21}},"30":{"start":{"line":59,"column":2},"end":{"line":59,"column":24}},"31":{"start":{"line":60,"column":2},"end":{"line":73,"column":5}},"32":{"start":{"line":61,"column":3},"end":{"line":72,"column":6}},"33":{"start":{"line":62,"column":4},"end":{"line":67,"column":7}},"34":{"start":{"line":63,"column":5},"end":{"line":66,"column":6}},"35":{"start":{"line":64,"column":6},"end":{"line":64,"column":25}},"36":{"start":{"line":65,"column":6},"end":{"line":65,"column":17}},"37":{"start":{"line":68,"column":4},"end":{"line":70,"column":5}},"38":{"start":{"line":69,"column":5},"end":{"line":69,"column":43}},"39":{"start":{"line":71,"column":4},"end":{"line":71,"column":25}},"40":{"start":{"line":76,"column":2},"end":{"line":86,"column":5}},"41":{"start":{"line":77,"column":3},"end":{"line":85,"column":6}},"42":{"start":{"line":78,"column":4},"end":{"line":84,"column":5}},"43":{"start":{"line":79,"column":5},"end":{"line":79,"column":25}},"44":{"start":{"line":80,"column":5},"end":{"line":80,"column":20}},"45":{"start":{"line":83,"column":5},"end":{"line":83,"column":21}},"46":{"start":{"line":89,"column":2},"end":{"line":89,"column":16}},"47":{"start":{"line":90,"column":2},"end":{"line":97,"column":5}},"48":{"start":{"line":91,"column":3},"end":{"line":96,"column":6}},"49":{"start":{"line":92,"column":4},"end":{"line":94,"column":7}},"50":{"start":{"line":93,"column":5},"end":{"line":93,"column":68}},"51":{"start":{"line":95,"column":4},"end":{"line":95,"column":19}},"52":{"start":{"line":100,"column":5},"end":{"line":104,"column":8}},"53":{"start":{"line":101,"column":3},"end":{"line":103,"column":6}},"54":{"start":{"line":102,"column":4},"end":{"line":102,"column":19}},"55":{"start":{"line":107,"column":5},"end":{"line":122,"column":8}},"56":{"start":{"line":108,"column":6},"end":{"line":121,"column":9}},"57":{"start":{"line":110,"column":4},"end":{"line":120,"column":5}},"58":{"start":{"line":111,"column":5},"end":{"line":116,"column":8}},"59":{"start":{"line":112,"column":6},"end":{"line":115,"column":9}},"60":{"start":{"line":113,"column":7},"end":{"line":113,"column":35}},"61":{"start":{"line":119,"column":5},"end":{"line":119,"column":21}},"62":{"start":{"line":125,"column":2},"end":{"line":139,"column":5}},"63":{"start":{"line":126,"column":3},"end":{"line":138,"column":6}},"64":{"start":{"line":127,"column":4},"end":{"line":137,"column":5}},"65":{"start":{"line":128,"column":5},"end":{"line":128,"column":30}},"66":{"start":{"line":129,"column":5},"end":{"line":133,"column":8}},"67":{"start":{"line":130,"column":6},"end":{"line":132,"column":9}},"68":{"start":{"line":131,"column":7},"end":{"line":131,"column":24}},"69":{"start":{"line":136,"column":5},"end":{"line":136,"column":21}},"70":{"start":{"line":142,"column":2},"end":{"line":153,"column":5}},"71":{"start":{"line":143,"column":3},"end":{"line":152,"column":6}},"72":{"start":{"line":144,"column":4},"end":{"line":144,"column":23}},"73":{"start":{"line":145,"column":4},"end":{"line":150,"column":7}},"74":{"start":{"line":146,"column":5},"end":{"line":149,"column":6}},"75":{"start":{"line":147,"column":6},"end":{"line":147,"column":26}},"76":{"start":{"line":148,"column":6},"end":{"line":148,"column":17}},"77":{"start":{"line":151,"column":4},"end":{"line":151,"column":21}},"78":{"start":{"line":156,"column":2},"end":{"line":160,"column":5}},"79":{"start":{"line":157,"column":3},"end":{"line":159,"column":6}},"80":{"start":{"line":158,"column":4},"end":{"line":158,"column":21}},"81":{"start":{"line":165,"column":0},"end":{"line":172,"column":1}},"82":{"start":{"line":166,"column":1},"end":{"line":171,"column":4}},"83":{"start":{"line":167,"column":2},"end":{"line":170,"column":5}},"84":{"start":{"line":168,"column":3},"end":{"line":168,"column":28}},"85":{"start":{"line":169,"column":3},"end":{"line":169,"column":18}},"86":{"start":{"line":174,"column":0},"end":{"line":190,"column":1}},"87":{"start":{"line":175,"column":1},"end":{"line":189,"column":4}},"88":{"start":{"line":176,"column":2},"end":{"line":188,"column":5}},"89":{"start":{"line":177,"column":3},"end":{"line":187,"column":4}},"90":{"start":{"line":178,"column":4},"end":{"line":183,"column":5}},"91":{"start":{"line":179,"column":5},"end":{"line":179,"column":20}},"92":{"start":{"line":182,"column":5},"end":{"line":182,"column":21}},"93":{"start":{"line":186,"column":4},"end":{"line":186,"column":20}}},"branchMap":{"1":{"line":9,"type":"if","locations":[{"start":{"line":9,"column":4},"end":{"line":9,"column":4}},{"start":{"line":9,"column":4},"end":{"line":9,"column":4}}]},"2":{"line":13,"type":"if","locations":[{"start":{"line":13,"column":8},"end":{"line":13,"column":8}},{"start":{"line":13,"column":8},"end":{"line":13,"column":8}}]},"3":{"line":31,"type":"if","locations":[{"start":{"line":31,"column":2},"end":{"line":31,"column":2}},{"start":{"line":31,"column":2},"end":{"line":31,"column":2}}]},"4":{"line":48,"type":"if","locations":[{"start":{"line":48,"column":5},"end":{"line":48,"column":5}},{"start":{"line":48,"column":5},"end":{"line":48,"column":5}}]},"5":{"line":63,"type":"if","locations":[{"start":{"line":63,"column":5},"end":{"line":63,"column":5}},{"start":{"line":63,"column":5},"end":{"line":63,"column":5}}]},"6":{"line":68,"type":"if","locations":[{"start":{"line":68,"column":4},"end":{"line":68,"column":4}},{"start":{"line":68,"column":4},"end":{"line":68,"column":4}}]},"7":{"line":78,"type":"if","locations":[{"start":{"line":78,"column":4},"end":{"line":78,"column":4}},{"start":{"line":78,"column":4},"end":{"line":78,"column":4}}]},"8":{"line":110,"type":"if","locations":[{"start":{"line":110,"column":4},"end":{"line":110,"column":4}},{"start":{"line":110,"column":4},"end":{"line":110,"column":4}}]},"9":{"line":127,"type":"if","locations":[{"start":{"line":127,"column":4},"end":{"line":127,"column":4}},{"start":{"line":127,"column":4},"end":{"line":127,"column":4}}]},"10":{"line":146,"type":"if","locations":[{"start":{"line":146,"column":5},"end":{"line":146,"column":5}},{"start":{"line":146,"column":5},"end":{"line":146,"column":5}}]},"11":{"line":146,"type":"binary-expr","locations":[{"start":{"line":146,"column":8},"end":{"line":146,"column":30}},{"start":{"line":146,"column":34},"end":{"line":146,"column":60}}]},"12":{"line":158,"type":"binary-expr","locations":[{"start":{"line":158,"column":13},"end":{"line":158,"column":14}},{"start":{"line":158,"column":18},"end":{"line":158,"column":19}}]},"13":{"line":177,"type":"if","locations":[{"start":{"line":177,"column":3},"end":{"line":177,"column":3}},{"start":{"line":177,"column":3},"end":{"line":177,"column":3}}]},"14":{"line":177,"type":"binary-expr","locations":[{"start":{"line":177,"column":7},"end":{"line":177,"column":13}},{"start":{"line":177,"column":17},"end":{"line":177,"column":31}}]},"15":{"line":178,"type":"if","locations":[{"start":{"line":178,"column":4},"end":{"line":178,"column":4}},{"start":{"line":178,"column":4},"end":{"line":178,"column":4}}]}}}}