TN:
SF:/Users/Niklas/Development/Skola/IP2/TDP013/Project/test.js
FN:12,(anonymous_1)
FN:13,(anonymous_2)
FN:18,(anonymous_3)
FN:19,(anonymous_4)
FN:33,(anonymous_5)
FN:39,(anonymous_6)
FN:53,(anonymous_7)
FN:59,(anonymous_8)
FN:73,(anonymous_9)
FN:79,(anonymous_10)
FN:80,(anonymous_11)
FN:81,(anonymous_12)
FN:88,(anonymous_13)
FN:89,(anonymous_14)
FN:90,(anonymous_15)
FN:98,(anonymous_16)
FN:99,(anonymous_17)
FN:106,(anonymous_18)
FN:112,(anonymous_19)
FN:119,(anonymous_20)
FN:125,(anonymous_21)
FN:126,(anonymous_22)
FN:134,(anonymous_23)
FN:135,(anonymous_24)
FN:136,(anonymous_25)
FN:137,(anonymous_26)
FN:144,(anonymous_27)
FN:147,(anonymous_28)
FN:153,(anonymous_29)
FN:156,(anonymous_30)
FN:162,(anonymous_31)
FN:163,(anonymous_32)
FN:164,(anonymous_33)
FN:172,(anonymous_34)
FN:173,(anonymous_35)
FN:174,(anonymous_36)
FN:175,(anonymous_37)
FN:182,(anonymous_38)
FN:184,(anonymous_39)
FN:190,(anonymous_40)
FN:196,(anonymous_41)
FN:202,(anonymous_42)
FN:205,(anonymous_43)
FN:211,(anonymous_44)
FN:214,(anonymous_45)
FN:220,(anonymous_46)
FN:221,(anonymous_47)
FN:222,(anonymous_48)
FN:230,(anonymous_49)
FN:231,(anonymous_50)
FN:232,(anonymous_51)
FN:233,(anonymous_52)
FN:241,(anonymous_53)
FN:250,(anonymous_54)
FN:256,(anonymous_55)
FN:265,(anonymous_56)
FN:271,(anonymous_57)
FN:272,(anonymous_58)
FN:273,(anonymous_59)
FN:281,(anonymous_60)
FN:282,(anonymous_61)
FN:284,(anonymous_62)
FN:290,(anonymous_63)
FN:292,(anonymous_64)
FN:298,(anonymous_65)
FN:300,(anonymous_66)
FN:306,(anonymous_67)
FN:308,(anonymous_68)
FN:314,(anonymous_69)
FN:316,(anonymous_70)
FN:322,(anonymous_71)
FN:324,(anonymous_72)
FN:330,(anonymous_73)
FN:332,(anonymous_74)
FN:339,(anonymous_75)
FN:340,(anonymous_76)
FN:342,(anonymous_77)
FN:348,(anonymous_78)
FN:350,(anonymous_79)
FN:356,(anonymous_80)
FN:358,(anonymous_81)
FN:364,(anonymous_82)
FN:366,(anonymous_83)
FN:372,(anonymous_84)
FN:374,(anonymous_85)
FN:380,(anonymous_86)
FN:382,(anonymous_87)
FN:388,(anonymous_88)
FN:390,(anonymous_89)
FN:396,(anonymous_90)
FN:398,(anonymous_91)
FNF:91
FNH:91
FNDA:1,(anonymous_1)
FNDA:1,(anonymous_2)
FNDA:1,(anonymous_3)
FNDA:1,(anonymous_4)
FNDA:1,(anonymous_5)
FNDA:1,(anonymous_6)
FNDA:1,(anonymous_7)
FNDA:1,(anonymous_8)
FNDA:1,(anonymous_9)
FNDA:1,(anonymous_10)
FNDA:1,(anonymous_11)
FNDA:1,(anonymous_12)
FNDA:1,(anonymous_13)
FNDA:1,(anonymous_14)
FNDA:1,(anonymous_15)
FNDA:1,(anonymous_16)
FNDA:1,(anonymous_17)
FNDA:1,(anonymous_18)
FNDA:1,(anonymous_19)
FNDA:1,(anonymous_20)
FNDA:1,(anonymous_21)
FNDA:1,(anonymous_22)
FNDA:1,(anonymous_23)
FNDA:1,(anonymous_24)
FNDA:1,(anonymous_25)
FNDA:1,(anonymous_26)
FNDA:1,(anonymous_27)
FNDA:1,(anonymous_28)
FNDA:1,(anonymous_29)
FNDA:1,(anonymous_30)
FNDA:1,(anonymous_31)
FNDA:1,(anonymous_32)
FNDA:1,(anonymous_33)
FNDA:1,(anonymous_34)
FNDA:1,(anonymous_35)
FNDA:1,(anonymous_36)
FNDA:1,(anonymous_37)
FNDA:1,(anonymous_38)
FNDA:1,(anonymous_39)
FNDA:1,(anonymous_40)
FNDA:1,(anonymous_41)
FNDA:1,(anonymous_42)
FNDA:1,(anonymous_43)
FNDA:1,(anonymous_44)
FNDA:1,(anonymous_45)
FNDA:1,(anonymous_46)
FNDA:1,(anonymous_47)
FNDA:1,(anonymous_48)
FNDA:1,(anonymous_49)
FNDA:1,(anonymous_50)
FNDA:1,(anonymous_51)
FNDA:1,(anonymous_52)
FNDA:1,(anonymous_53)
FNDA:1,(anonymous_54)
FNDA:1,(anonymous_55)
FNDA:1,(anonymous_56)
FNDA:1,(anonymous_57)
FNDA:1,(anonymous_58)
FNDA:1,(anonymous_59)
FNDA:1,(anonymous_60)
FNDA:1,(anonymous_61)
FNDA:1,(anonymous_62)
FNDA:1,(anonymous_63)
FNDA:1,(anonymous_64)
FNDA:1,(anonymous_65)
FNDA:1,(anonymous_66)
FNDA:1,(anonymous_67)
FNDA:1,(anonymous_68)
FNDA:1,(anonymous_69)
FNDA:1,(anonymous_70)
FNDA:1,(anonymous_71)
FNDA:1,(anonymous_72)
FNDA:1,(anonymous_73)
FNDA:1,(anonymous_74)
FNDA:1,(anonymous_75)
FNDA:1,(anonymous_76)
FNDA:1,(anonymous_77)
FNDA:1,(anonymous_78)
FNDA:1,(anonymous_79)
FNDA:1,(anonymous_80)
FNDA:1,(anonymous_81)
FNDA:1,(anonymous_82)
FNDA:1,(anonymous_83)
FNDA:1,(anonymous_84)
FNDA:1,(anonymous_85)
FNDA:1,(anonymous_86)
FNDA:1,(anonymous_87)
FNDA:1,(anonymous_88)
FNDA:1,(anonymous_89)
FNDA:1,(anonymous_90)
FNDA:1,(anonymous_91)
DA:1,1
DA:2,1
DA:3,1
DA:4,1
DA:5,1
DA:11,1
DA:12,1
DA:13,1
DA:14,1
DA:18,1
DA:19,1
DA:20,1
DA:34,1
DA:35,1
DA:39,1
DA:40,1
DA:54,1
DA:55,0
DA:59,1
DA:60,1
DA:74,1
DA:75,1
DA:79,1
DA:80,1
DA:81,1
DA:82,1
DA:83,1
DA:88,1
DA:89,1
DA:90,1
DA:91,1
DA:92,1
DA:98,1
DA:99,1
DA:100,1
DA:101,1
DA:107,1
DA:108,1
DA:112,1
DA:113,1
DA:114,1
DA:120,1
DA:121,1
DA:125,1
DA:126,1
DA:127,1
DA:128,1
DA:129,1
DA:134,1
DA:135,1
DA:136,1
DA:137,1
DA:138,1
DA:139,1
DA:144,1
DA:145,1
DA:148,1
DA:149,1
DA:153,1
DA:154,1
DA:157,1
DA:158,1
DA:162,1
DA:163,1
DA:164,1
DA:165,1
DA:166,1
DA:172,1
DA:173,1
DA:174,1
DA:175,1
DA:176,1
DA:177,1
DA:182,1
DA:183,1
DA:185,1
DA:186,1
DA:190,1
DA:191,1
DA:197,1
DA:198,1
DA:202,1
DA:203,1
DA:206,1
DA:207,1
DA:211,1
DA:212,1
DA:215,1
DA:216,1
DA:220,1
DA:221,1
DA:222,1
DA:223,1
DA:224,1
DA:230,1
DA:231,1
DA:232,1
DA:233,1
DA:234,1
DA:235,1
DA:241,1
DA:242,1
DA:251,1
DA:252,1
DA:256,1
DA:257,1
DA:266,1
DA:267,1
DA:271,1
DA:272,1
DA:273,1
DA:274,1
DA:275,1
DA:281,1
DA:282,1
DA:283,1
DA:285,1
DA:286,1
DA:290,1
DA:291,1
DA:293,1
DA:294,1
DA:298,1
DA:299,1
DA:301,1
DA:302,1
DA:306,1
DA:307,1
DA:309,1
DA:310,1
DA:314,1
DA:315,1
DA:317,1
DA:318,1
DA:322,1
DA:323,1
DA:325,1
DA:326,1
DA:330,1
DA:331,1
DA:333,1
DA:334,1
DA:339,1
DA:340,1
DA:341,1
DA:343,1
DA:344,1
DA:348,1
DA:349,1
DA:351,1
DA:352,1
DA:356,1
DA:357,1
DA:359,1
DA:360,1
DA:364,1
DA:365,1
DA:367,1
DA:368,1
DA:372,1
DA:373,1
DA:375,1
DA:376,1
DA:380,1
DA:381,1
DA:383,1
DA:384,1
DA:388,1
DA:389,1
DA:391,1
DA:392,1
DA:396,1
DA:397,1
DA:399,1
DA:400,1
LF:175
LH:174
BRF:0
BRH:0
end_of_record
TN:
SF:/Users/Niklas/Development/Skola/IP2/TDP013/Project/app.js
FN:19,(anonymous_1)
FN:21,(anonymous_2)
FN:33,(anonymous_3)
FN:38,(anonymous_4)
FN:48,(anonymous_5)
FN:51,(anonymous_6)
FN:60,(anonymous_7)
FN:63,(anonymous_8)
FN:73,(anonymous_9)
FN:76,(anonymous_10)
FN:86,(anonymous_11)
FN:88,(anonymous_12)
FN:98,(anonymous_13)
FN:99,(anonymous_14)
FN:104,(anonymous_15)
FN:105,(anonymous_16)
FN:115,(anonymous_17)
FN:116,(anonymous_18)
FN:121,(anonymous_19)
FN:122,(anonymous_20)
FN:132,(anonymous_21)
FN:133,(anonymous_22)
FN:150,start
FNF:23
FNH:0
FNDA:0,(anonymous_1)
FNDA:0,(anonymous_2)
FNDA:0,(anonymous_3)
FNDA:0,(anonymous_4)
FNDA:0,(anonymous_5)
FNDA:0,(anonymous_6)
FNDA:0,(anonymous_7)
FNDA:0,(anonymous_8)
FNDA:0,(anonymous_9)
FNDA:0,(anonymous_10)
FNDA:0,(anonymous_11)
FNDA:0,(anonymous_12)
FNDA:0,(anonymous_13)
FNDA:0,(anonymous_14)
FNDA:0,(anonymous_15)
FNDA:0,(anonymous_16)
FNDA:0,(anonymous_17)
FNDA:0,(anonymous_18)
FNDA:0,(anonymous_19)
FNDA:0,(anonymous_20)
FNDA:0,(anonymous_21)
FNDA:0,(anonymous_22)
FNDA:0,start
DA:1,1
DA:2,1
DA:3,1
DA:4,1
DA:5,1
DA:6,1
DA:8,1
DA:10,1
DA:11,1
DA:12,1
DA:15,1
DA:17,1
DA:19,1
DA:21,0
DA:22,0
DA:23,0
DA:24,0
DA:27,0
DA:33,1
DA:34,0
DA:35,0
DA:38,1
DA:39,0
DA:40,0
DA:41,0
DA:44,0
DA:48,1
DA:49,0
DA:50,0
DA:51,0
DA:52,0
DA:56,0
DA:60,1
DA:61,0
DA:63,0
DA:64,0
DA:65,0
DA:68,0
DA:73,1
DA:74,0
DA:76,0
DA:77,0
DA:78,0
DA:81,0
DA:86,1
DA:87,0
DA:88,0
DA:89,0
DA:90,0
DA:93,0
DA:98,1
DA:99,0
DA:100,0
DA:104,1
DA:105,0
DA:106,0
DA:107,0
DA:110,0
DA:115,1
DA:116,0
DA:117,0
DA:121,1
DA:122,0
DA:123,0
DA:124,0
DA:127,0
DA:132,1
DA:133,0
DA:134,0
DA:135,0
DA:136,0
DA:139,0
DA:150,1
DA:151,0
DA:152,0
DA:154,0
DA:157,1
LF:77
LH:26
BRDA:22,1,0,0
BRDA:22,1,1,0
BRDA:40,2,0,0
BRDA:40,2,1,0
BRDA:50,3,0,0
BRDA:50,3,1,0
BRDA:64,4,0,0
BRDA:64,4,1,0
BRDA:77,5,0,0
BRDA:77,5,1,0
BRDA:89,6,0,0
BRDA:89,6,1,0
BRDA:106,7,0,0
BRDA:106,7,1,0
BRDA:123,8,0,0
BRDA:123,8,1,0
BRDA:135,9,0,0
BRDA:135,9,1,0
BRF:18
BRH:0
end_of_record
TN:
SF:/Users/Niklas/Development/Skola/IP2/TDP013/Project/dbCalls.js
FN:6,(anonymous_1)
FN:7,(anonymous_2)
FN:8,(anonymous_3)
FN:10,(anonymous_4)
FN:11,(anonymous_5)
FN:12,(anonymous_6)
FN:30,(anonymous_7)
FN:32,(anonymous_8)
FN:33,(anonymous_9)
FN:42,(anonymous_10)
FN:44,(anonymous_11)
FN:45,(anonymous_12)
FN:47,(anonymous_13)
FN:58,(anonymous_14)
FN:60,(anonymous_15)
FN:61,(anonymous_16)
FN:62,(anonymous_17)
FN:75,(anonymous_18)
FN:76,(anonymous_19)
FN:77,(anonymous_20)
FN:88,(anonymous_21)
FN:90,(anonymous_22)
FN:91,(anonymous_23)
FN:92,(anonymous_24)
FN:99,(anonymous_25)
FN:100,(anonymous_26)
FN:101,(anonymous_27)
FN:106,(anonymous_28)
FN:107,(anonymous_29)
FN:108,(anonymous_30)
FN:111,(anonymous_31)
FN:112,(anonymous_32)
FN:124,(anonymous_33)
FN:125,(anonymous_34)
FN:126,(anonymous_35)
FN:129,(anonymous_36)
FN:130,(anonymous_37)
FN:141,(anonymous_38)
FN:142,(anonymous_39)
FN:143,(anonymous_40)
FN:145,(anonymous_41)
FN:155,(anonymous_42)
FN:156,(anonymous_43)
FN:157,(anonymous_44)
FN:165,whoAmI
FN:166,(anonymous_46)
FN:167,(anonymous_47)
FN:174,isMyFriend
FN:175,(anonymous_49)
FN:176,(anonymous_50)
FNF:50
FNH:0
FNDA:0,(anonymous_1)
FNDA:0,(anonymous_2)
FNDA:0,(anonymous_3)
FNDA:0,(anonymous_4)
FNDA:0,(anonymous_5)
FNDA:0,(anonymous_6)
FNDA:0,(anonymous_7)
FNDA:0,(anonymous_8)
FNDA:0,(anonymous_9)
FNDA:0,(anonymous_10)
FNDA:0,(anonymous_11)
FNDA:0,(anonymous_12)
FNDA:0,(anonymous_13)
FNDA:0,(anonymous_14)
FNDA:0,(anonymous_15)
FNDA:0,(anonymous_16)
FNDA:0,(anonymous_17)
FNDA:0,(anonymous_18)
FNDA:0,(anonymous_19)
FNDA:0,(anonymous_20)
FNDA:0,(anonymous_21)
FNDA:0,(anonymous_22)
FNDA:0,(anonymous_23)
FNDA:0,(anonymous_24)
FNDA:0,(anonymous_25)
FNDA:0,(anonymous_26)
FNDA:0,(anonymous_27)
FNDA:0,(anonymous_28)
FNDA:0,(anonymous_29)
FNDA:0,(anonymous_30)
FNDA:0,(anonymous_31)
FNDA:0,(anonymous_32)
FNDA:0,(anonymous_33)
FNDA:0,(anonymous_34)
FNDA:0,(anonymous_35)
FNDA:0,(anonymous_36)
FNDA:0,(anonymous_37)
FNDA:0,(anonymous_38)
FNDA:0,(anonymous_39)
FNDA:0,(anonymous_40)
FNDA:0,(anonymous_41)
FNDA:0,(anonymous_42)
FNDA:0,(anonymous_43)
FNDA:0,(anonymous_44)
FNDA:0,whoAmI
FNDA:0,(anonymous_46)
FNDA:0,(anonymous_47)
FNDA:0,isMyFriend
FNDA:0,(anonymous_49)
FNDA:0,(anonymous_50)
DA:1,1
DA:2,1
DA:5,1
DA:7,0
DA:8,0
DA:9,0
DA:10,0
DA:11,0
DA:12,0
DA:13,0
DA:14,0
DA:17,0
DA:18,0
DA:25,0
DA:31,0
DA:32,0
DA:33,0
DA:34,0
DA:39,0
DA:43,0
DA:44,0
DA:45,0
DA:46,0
DA:47,0
DA:48,0
DA:49,0
DA:50,0
DA:51,0
DA:54,0
DA:59,0
DA:60,0
DA:61,0
DA:62,0
DA:63,0
DA:64,0
DA:65,0
DA:68,0
DA:69,0
DA:71,0
DA:76,0
DA:77,0
DA:78,0
DA:79,0
DA:80,0
DA:83,0
DA:89,0
DA:90,0
DA:91,0
DA:92,0
DA:93,0
DA:95,0
DA:100,0
DA:101,0
DA:102,0
DA:107,0
DA:108,0
DA:110,0
DA:111,0
DA:112,0
DA:113,0
DA:119,0
DA:125,0
DA:126,0
DA:127,0
DA:128,0
DA:129,0
DA:130,0
DA:131,0
DA:136,0
DA:142,0
DA:143,0
DA:144,0
DA:145,0
DA:146,0
DA:147,0
DA:148,0
DA:151,0
DA:156,0
DA:157,0
DA:158,0
DA:165,1
DA:166,0
DA:167,0
DA:168,0
DA:169,0
DA:174,1
DA:175,0
DA:176,0
DA:177,0
DA:178,0
DA:179,0
DA:182,0
DA:186,0
LF:93
LH:5
BRDA:9,1,0,0
BRDA:9,1,1,0
BRDA:13,2,0,0
BRDA:13,2,1,0
BRDA:31,3,0,0
BRDA:31,3,1,0
BRDA:48,4,0,0
BRDA:48,4,1,0
BRDA:63,5,0,0
BRDA:63,5,1,0
BRDA:68,6,0,0
BRDA:68,6,1,0
BRDA:78,7,0,0
BRDA:78,7,1,0
BRDA:110,8,0,0
BRDA:110,8,1,0
BRDA:127,9,0,0
BRDA:127,9,1,0
BRDA:146,10,0,0
BRDA:146,10,1,0
BRDA:146,11,0,0
BRDA:146,11,1,0
BRDA:158,12,0,0
BRDA:158,12,1,0
BRDA:177,13,0,0
BRDA:177,13,1,0
BRDA:177,14,0,0
BRDA:177,14,1,0
BRDA:178,15,0,0
BRDA:178,15,1,0
BRF:30
BRH:0
end_of_record
